Application/android/app/build/intermediates/manifest_merge_blame_file/debug/manifest-merger-blame-debug-report.txt
1<?xml version="1.0" encoding="utf-8"?>
2<manifest xmlns:android="http://schemas.android.com/apk/res/android"
3    package="com.area"
4    android:versionCode="1"
5    android:versionName="1.0" >
6
7    <uses-sdk
8        android:minSdkVersion="21"
9        android:targetSdkVersion="31" />
10
11    <uses-permission android:name="android.permission.SYSTEM_ALERT_WINDOW" />
11-->src/debug/AndroidManifest.xml:5:5-77
11-->src/debug/AndroidManifest.xml:5:22-75
12    <uses-permission android:name="android.permission.INTERNET" />
12-->src/main/AndroidManifest.xml:3:3-65
12-->src/main/AndroidManifest.xml:3:20-62
13    <uses-permission android:name="android.permission.CAMERA" />
13-->src/main/AndroidManifest.xml:4:3-63
13-->src/main/AndroidManifest.xml:4:20-60
14    <uses-permission android:name="android.permission.READ_EXTERNAL_STORAGE" />
14-->src/main/AndroidManifest.xml:5:3-78
14-->src/main/AndroidManifest.xml:5:20-75
15    <uses-permission android:name="android.permission.WRITE_EXTERNAL_STORAGE" />
15-->src/main/AndroidManifest.xml:6:3-79
15-->src/main/AndroidManifest.xml:6:20-76
16    <uses-permission android:name="android.permission.RECORD_AUDIO" />
16-->src/main/AndroidManifest.xml:7:3-69
16-->src/main/AndroidManifest.xml:7:20-66
17    <uses-permission android:name="android.permission.ACCESS_WIFI_STATE" />
17-->[com.facebook.flipper:flipper:0.125.0] AndroidManifest.xml:16:5-76
17-->[com.facebook.flipper:flipper:0.125.0] AndroidManifest.xml:16:22-73
18
19    <application
19-->src/main/AndroidManifest.xml:9:3-17:17
20        android:name="com.area.MainApplication"
20-->src/main/AndroidManifest.xml:9:16-47
21        android:allowBackup="false"
21-->src/main/AndroidManifest.xml:9:162-189
22        android:appComponentFactory="androidx.core.app.CoreComponentFactory"
22-->[androidx.core:core:1.7.0] AndroidManifest.xml:24:18-86
23        android:debuggable="true"
24        android:icon="@mipmap/ic_launcher"
24-->src/main/AndroidManifest.xml:9:81-115
25        android:label="@string/app_name"
25-->src/main/AndroidManifest.xml:9:48-80
26        android:roundIcon="@mipmap/ic_launcher_round"
26-->src/main/AndroidManifest.xml:9:116-161
27        android:screenOrientation="portrait"
27-->src/main/AndroidManifest.xml:9:190-226
28        android:usesCleartextTraffic="true" >
28-->src/debug/AndroidManifest.xml:8:9-44
29        <activity
29-->src/debug/AndroidManifest.xml:11:9-111
30            android:name="com.facebook.react.devsupport.DevSettingsActivity"
30-->src/debug/AndroidManifest.xml:11:19-83
31            android:exported="false" />
31-->src/debug/AndroidManifest.xml:11:84-108
32        <activity
32-->src/main/AndroidManifest.xml:10:5-15:16
33            android:name="com.area.SplashActivity"
33-->src/main/AndroidManifest.xml:10:15-45
34            android:exported="true"
34-->src/main/AndroidManifest.xml:10:120-143
35            android:label="@string/app_name"
35-->src/main/AndroidManifest.xml:10:46-78
36            android:theme="@style/AppTheme.Launcher" >
36-->src/main/AndroidManifest.xml:10:79-119
37            <intent-filter>
37-->src/main/AndroidManifest.xml:11:7-14:23
38                <action android:name="android.intent.action.MAIN" />
38-->src/main/AndroidManifest.xml:12:9-61
38-->src/main/AndroidManifest.xml:12:17-58
39
40                <category android:name="android.intent.category.LAUNCHER" />
40-->src/main/AndroidManifest.xml:13:9-69
40-->src/main/AndroidManifest.xml:13:19-66
41            </intent-filter>
42        </activity>
43        <activity
43-->src/main/AndroidManifest.xml:16:5-288
44            android:name="com.area.MainActivity"
44-->src/main/AndroidManifest.xml:16:15-43
45            android:configChanges="keyboard|keyboardHidden|orientation|screenSize|uiMode"
45-->src/main/AndroidManifest.xml:16:77-154
46            android:exported="true"
46-->src/main/AndroidManifest.xml:16:155-178
47            android:label="@string/app_name"
47-->src/main/AndroidManifest.xml:16:44-76
48            android:launchMode="singleTask"
48-->src/main/AndroidManifest.xml:16:179-210
49            android:theme="@style/AppTheme"
49-->src/main/AndroidManifest.xml:16:211-242
50            android:windowSoftInputMode="adjustResize" />
50-->src/main/AndroidManifest.xml:16:243-285
51
52        <provider
52-->[androidx.emoji2:emoji2:1.0.0] AndroidManifest.xml:26:9-34:20
53            android:name="androidx.startup.InitializationProvider"
53-->[androidx.emoji2:emoji2:1.0.0] AndroidManifest.xml:27:13-67
54            android:authorities="com.area.androidx-startup"
54-->[androidx.emoji2:emoji2:1.0.0] AndroidManifest.xml:28:13-68
55            android:exported="false" >
55-->[androidx.emoji2:emoji2:1.0.0] AndroidManifest.xml:29:13-37
56            <meta-data
56-->[androidx.emoji2:emoji2:1.0.0] AndroidManifest.xml:31:13-33:52
57                android:name="androidx.emoji2.text.EmojiCompatInitializer"
57-->[androidx.emoji2:emoji2:1.0.0] AndroidManifest.xml:32:17-75
58                android:value="androidx.startup" />
58-->[androidx.emoji2:emoji2:1.0.0] AndroidManifest.xml:33:17-49
59            <meta-data
59-->[androidx.lifecycle:lifecycle-process:2.4.0] AndroidManifest.xml:31:13-33:52
60                android:name="androidx.lifecycle.ProcessLifecycleInitializer"
60-->[androidx.lifecycle:lifecycle-process:2.4.0] AndroidManifest.xml:32:17-78
61                android:value="androidx.startup" />
61-->[androidx.lifecycle:lifecycle-process:2.4.0] AndroidManifest.xml:33:17-49
62        </provider>
63    </application>
64
65</manifest>